2019-03-09 19:57:46,610 INFO o.a.j.u.JMeterUtils: Setting Locale to en_EN
2019-03-09 19:57:46,636 INFO o.a.j.JMeter: Loading user properties from: C:\apache-jmeter-4.0\bin\user.properties
2019-03-09 19:57:46,637 INFO o.a.j.JMeter: Loading system properties from: C:\apache-jmeter-4.0\bin\system.properties
2019-03-09 19:57:46,638 INFO o.a.j.JMeter: Setting System property: http.proxyHost=localhost
2019-03-09 19:57:46,638 INFO o.a.j.JMeter: Setting System property: http.proxyPort=8080
2019-03-09 19:57:46,638 INFO o.a.j.JMeter: Setting System property: https.proxyHost=localhost
2019-03-09 19:57:46,638 INFO o.a.j.JMeter: Setting System property: https.proxyPort=8080
2019-03-09 19:57:46,647 INFO o.a.j.JMeter: Copyright (c) 1998-2018 The Apache Software Foundation
2019-03-09 19:57:46,647 INFO o.a.j.JMeter: Version 4.0 r1823414
2019-03-09 19:57:46,647 INFO o.a.j.JMeter: java.version=1.8.0_151
2019-03-09 19:57:46,647 INFO o.a.j.JMeter: java.vm.name=Java HotSpot(TM) 64-Bit Server VM
2019-03-09 19:57:46,647 INFO o.a.j.JMeter: os.name=Windows 10
2019-03-09 19:57:46,647 INFO o.a.j.JMeter: os.arch=amd64
2019-03-09 19:57:46,647 INFO o.a.j.JMeter: os.version=10.0
2019-03-09 19:57:46,648 INFO o.a.j.JMeter: file.encoding=Cp1252
2019-03-09 19:57:46,648 INFO o.a.j.JMeter: Max memory     =1073741824
2019-03-09 19:57:46,648 INFO o.a.j.JMeter: Available Processors =4
2019-03-09 19:57:46,653 INFO o.a.j.JMeter: Default Locale=English (EN)
2019-03-09 19:57:46,654 INFO o.a.j.JMeter: JMeter  Locale=English (EN)
2019-03-09 19:57:46,654 INFO o.a.j.JMeter: JMeterHome=C:\apache-jmeter-4.0
2019-03-09 19:57:46,654 INFO o.a.j.JMeter: user.dir  =D:\ProjectJava\hexagonal-spring-tl\robots
2019-03-09 19:57:46,656 INFO o.a.j.JMeter: PWD       =D:\ProjectJava\hexagonal-spring-tl\robots
2019-03-09 19:57:46,658 INFO o.a.j.JMeter: IP: 192.168.53.4 Name: FRANKLIN-CARRENO FullName: FRANKLIN-CARRENO.ceiba.local
2019-03-09 19:57:46,663 INFO o.a.j.s.FileServer: Default base='D:\ProjectJava\hexagonal-spring-tl\robots'
2019-03-09 19:57:46,671 INFO o.a.j.s.FileServer: Set new base='D:\ProjectJava\hexagonal-spring-tl\robots'
2019-03-09 19:57:46,882 INFO o.a.j.s.SaveService: Testplan (JMX) version: 2.2. Testlog (JTL) version: 2.2
2019-03-09 19:57:46,900 INFO o.a.j.s.SaveService: Using SaveService properties file encoding UTF-8
2019-03-09 19:57:46,906 INFO o.a.j.s.SaveService: Using SaveService properties version 4.0
2019-03-09 19:57:46,914 INFO o.a.j.s.SaveService: Loading file: HTTP Request.jmx
2019-03-09 19:57:46,967 INFO o.a.j.p.h.s.HTTPSamplerBase: Parser for text/html is org.apache.jmeter.protocol.http.parser.LagartoBasedHtmlParser
2019-03-09 19:57:46,967 INFO o.a.j.p.h.s.HTTPSamplerBase: Parser for application/xhtml+xml is org.apache.jmeter.protocol.http.parser.LagartoBasedHtmlParser
2019-03-09 19:57:46,967 INFO o.a.j.p.h.s.HTTPSamplerBase: Parser for application/xml is org.apache.jmeter.protocol.http.parser.LagartoBasedHtmlParser
2019-03-09 19:57:46,967 INFO o.a.j.p.h.s.HTTPSamplerBase: Parser for text/xml is org.apache.jmeter.protocol.http.parser.LagartoBasedHtmlParser
2019-03-09 19:57:46,967 INFO o.a.j.p.h.s.HTTPSamplerBase: Parser for text/vnd.wap.wml is org.apache.jmeter.protocol.http.parser.RegexpHTMLParser
2019-03-09 19:57:46,967 INFO o.a.j.p.h.s.HTTPSamplerBase: Parser for text/css is org.apache.jmeter.protocol.http.parser.CssParser
2019-03-09 19:57:47,017 INFO o.a.j.JMeter: Creating summariser <summary>
2019-03-09 19:57:47,023 INFO o.a.j.e.StandardJMeterEngine: Running the test!
2019-03-09 19:57:47,023 INFO o.a.j.s.SampleEvent: List of sample_variables: []
2019-03-09 19:57:47,024 INFO o.a.j.s.SampleEvent: List of sample_variables: []
2019-03-09 19:57:47,029 INFO o.a.j.e.u.CompoundVariable: Note: Function class names must contain the string: '.functions.'
2019-03-09 19:57:47,029 INFO o.a.j.e.u.CompoundVariable: Note: Function class names must not contain the string: '.gui.'
2019-03-09 19:57:47,397 INFO o.a.j.JMeter: Running test (1552179467397)
2019-03-09 19:57:47,429 INFO o.a.j.e.StandardJMeterEngine: Starting ThreadGroup: 1 : Thread Group_get_people
2019-03-09 19:57:47,429 INFO o.a.j.e.StandardJMeterEngine: Starting 10 threads for group Thread Group_get_people.
2019-03-09 19:57:47,430 INFO o.a.j.e.StandardJMeterEngine: Thread will continue on error
2019-03-09 19:57:47,430 INFO o.a.j.t.ThreadGroup: Starting thread group... number=1 threads=10 ramp-up=10 perThread=1000.0 delayedStart=false
2019-03-09 19:57:47,440 INFO o.a.j.t.ThreadGroup: Started thread group number 1
2019-03-09 19:57:47,441 INFO o.a.j.e.StandardJMeterEngine: Starting ThreadGroup: 2 : Thread Group_get_person
2019-03-09 19:57:47,441 INFO o.a.j.e.StandardJMeterEngine: Starting 10 threads for group Thread Group_get_person.
2019-03-09 19:57:47,444 INFO o.a.j.e.StandardJMeterEngine: Thread will continue on error
2019-03-09 19:57:47,444 INFO o.a.j.t.ThreadGroup: Starting thread group... number=2 threads=10 ramp-up=10 perThread=1000.0 delayedStart=false
2019-03-09 19:57:47,453 INFO o.a.j.t.ThreadGroup: Started thread group number 2
2019-03-09 19:57:47,453 INFO o.a.j.e.StandardJMeterEngine: All thread groups have been started
2019-03-09 19:57:47,458 INFO o.a.j.t.JMeterThread: Thread started: Thread Group_get_people 1-1
2019-03-09 19:57:47,515 INFO o.a.j.p.h.s.HTTPHCAbstractImpl: Local host = FRANKLIN-CARRENO
2019-03-09 19:57:47,523 INFO o.a.j.p.h.s.HTTPHC4Impl: HTTP request retry count = 0
2019-03-09 19:57:47,536 INFO o.a.j.t.JMeterThread: Thread started: Thread Group_get_person 2-1
2019-03-09 19:57:47,540 INFO o.a.j.s.SampleResult: Note: Sample TimeStamps are START times
2019-03-09 19:57:47,540 INFO o.a.j.s.SampleResult: sampleresult.default.encoding is set to ISO-8859-1
2019-03-09 19:57:47,540 INFO o.a.j.s.FileServer: Stored: person.csv
2019-03-09 19:57:47,540 INFO o.a.j.s.SampleResult: sampleresult.useNanoTime=true
2019-03-09 19:57:47,540 INFO o.a.j.s.SampleResult: sampleresult.nanoThreadSleep=5000
2019-03-09 19:57:47,635 INFO o.a.j.t.JMeterThread: Thread is done: Thread Group_get_person 2-1
2019-03-09 19:57:47,635 INFO o.a.j.t.JMeterThread: Thread finished: Thread Group_get_person 2-1
2019-03-09 19:57:47,637 INFO o.a.j.t.JMeterThread: Thread is done: Thread Group_get_people 1-1
2019-03-09 19:57:47,637 INFO o.a.j.t.JMeterThread: Thread finished: Thread Group_get_people 1-1
2019-03-09 19:57:48,462 INFO o.a.j.t.JMeterThread: Thread started: Thread Group_get_people 1-2
2019-03-09 19:57:48,466 INFO o.a.j.t.JMeterThread: Thread is done: Thread Group_get_people 1-2
2019-03-09 19:57:48,466 INFO o.a.j.t.JMeterThread: Thread finished: Thread Group_get_people 1-2
2019-03-09 19:57:48,536 INFO o.a.j.t.JMeterThread: Thread started: Thread Group_get_person 2-2
2019-03-09 19:57:48,541 INFO o.a.j.t.JMeterThread: Thread is done: Thread Group_get_person 2-2
2019-03-09 19:57:48,541 INFO o.a.j.t.JMeterThread: Thread finished: Thread Group_get_person 2-2
2019-03-09 19:57:49,462 INFO o.a.j.t.JMeterThread: Thread started: Thread Group_get_people 1-3
2019-03-09 19:57:49,467 INFO o.a.j.t.JMeterThread: Thread is done: Thread Group_get_people 1-3
2019-03-09 19:57:49,467 INFO o.a.j.t.JMeterThread: Thread finished: Thread Group_get_people 1-3
2019-03-09 19:57:49,540 INFO o.a.j.t.JMeterThread: Thread started: Thread Group_get_person 2-3
2019-03-09 19:57:49,545 INFO o.a.j.t.JMeterThread: Thread is done: Thread Group_get_person 2-3
2019-03-09 19:57:49,546 INFO o.a.j.t.JMeterThread: Thread finished: Thread Group_get_person 2-3
2019-03-09 19:57:50,461 INFO o.a.j.t.JMeterThread: Thread started: Thread Group_get_people 1-4
2019-03-09 19:57:50,484 INFO o.a.j.t.JMeterThread: Thread is done: Thread Group_get_people 1-4
2019-03-09 19:57:50,485 INFO o.a.j.t.JMeterThread: Thread finished: Thread Group_get_people 1-4
2019-03-09 19:57:50,536 INFO o.a.j.t.JMeterThread: Thread started: Thread Group_get_person 2-4
2019-03-09 19:57:50,547 INFO o.a.j.t.JMeterThread: Thread is done: Thread Group_get_person 2-4
2019-03-09 19:57:50,547 INFO o.a.j.t.JMeterThread: Thread finished: Thread Group_get_person 2-4
2019-03-09 19:57:51,462 INFO o.a.j.t.JMeterThread: Thread started: Thread Group_get_people 1-5
2019-03-09 19:57:51,474 INFO o.a.j.t.JMeterThread: Thread is done: Thread Group_get_people 1-5
2019-03-09 19:57:51,475 INFO o.a.j.t.JMeterThread: Thread finished: Thread Group_get_people 1-5
2019-03-09 19:57:51,537 INFO o.a.j.t.JMeterThread: Thread started: Thread Group_get_person 2-5
2019-03-09 19:57:51,560 INFO o.a.j.t.JMeterThread: Thread is done: Thread Group_get_person 2-5
2019-03-09 19:57:51,560 INFO o.a.j.t.JMeterThread: Thread finished: Thread Group_get_person 2-5
2019-03-09 19:57:52,471 INFO o.a.j.t.JMeterThread: Thread started: Thread Group_get_people 1-6
2019-03-09 19:57:52,482 INFO o.a.j.t.JMeterThread: Thread is done: Thread Group_get_people 1-6
2019-03-09 19:57:52,483 INFO o.a.j.t.JMeterThread: Thread finished: Thread Group_get_people 1-6
2019-03-09 19:57:52,540 INFO o.a.j.t.JMeterThread: Thread started: Thread Group_get_person 2-6
2019-03-09 19:57:52,556 INFO o.a.j.t.JMeterThread: Thread is done: Thread Group_get_person 2-6
2019-03-09 19:57:52,557 INFO o.a.j.t.JMeterThread: Thread finished: Thread Group_get_person 2-6
2019-03-09 19:57:53,465 INFO o.a.j.t.JMeterThread: Thread started: Thread Group_get_people 1-7
2019-03-09 19:57:53,500 INFO o.a.j.t.JMeterThread: Thread is done: Thread Group_get_people 1-7
2019-03-09 19:57:53,500 INFO o.a.j.t.JMeterThread: Thread finished: Thread Group_get_people 1-7
2019-03-09 19:57:53,539 INFO o.a.j.t.JMeterThread: Thread started: Thread Group_get_person 2-7
2019-03-09 19:57:53,570 INFO o.a.j.t.JMeterThread: Thread is done: Thread Group_get_person 2-7
2019-03-09 19:57:53,570 INFO o.a.j.t.JMeterThread: Thread finished: Thread Group_get_person 2-7
2019-03-09 19:57:54,466 INFO o.a.j.t.JMeterThread: Thread started: Thread Group_get_people 1-8
2019-03-09 19:57:54,477 INFO o.a.j.t.JMeterThread: Thread is done: Thread Group_get_people 1-8
2019-03-09 19:57:54,478 INFO o.a.j.t.JMeterThread: Thread finished: Thread Group_get_people 1-8
2019-03-09 19:57:54,538 INFO o.a.j.t.JMeterThread: Thread started: Thread Group_get_person 2-8
2019-03-09 19:57:54,543 INFO o.a.j.t.JMeterThread: Thread is done: Thread Group_get_person 2-8
2019-03-09 19:57:54,543 INFO o.a.j.t.JMeterThread: Thread finished: Thread Group_get_person 2-8
2019-03-09 19:57:55,476 INFO o.a.j.t.JMeterThread: Thread started: Thread Group_get_people 1-9
2019-03-09 19:57:55,502 INFO o.a.j.t.JMeterThread: Thread is done: Thread Group_get_people 1-9
2019-03-09 19:57:55,502 INFO o.a.j.t.JMeterThread: Thread finished: Thread Group_get_people 1-9
2019-03-09 19:57:55,536 INFO o.a.j.t.JMeterThread: Thread started: Thread Group_get_person 2-9
2019-03-09 19:57:55,541 INFO o.a.j.t.JMeterThread: Thread is done: Thread Group_get_person 2-9
2019-03-09 19:57:55,541 INFO o.a.j.t.JMeterThread: Thread finished: Thread Group_get_person 2-9
2019-03-09 19:57:56,478 INFO o.a.j.t.JMeterThread: Thread started: Thread Group_get_people 1-10
2019-03-09 19:57:56,491 INFO o.a.j.t.JMeterThread: Thread is done: Thread Group_get_people 1-10
2019-03-09 19:57:56,492 INFO o.a.j.t.JMeterThread: Thread finished: Thread Group_get_people 1-10
2019-03-09 19:57:56,537 INFO o.a.j.t.JMeterThread: Thread started: Thread Group_get_person 2-10
2019-03-09 19:57:56,545 INFO o.a.j.t.JMeterThread: Thread is done: Thread Group_get_person 2-10
2019-03-09 19:57:56,546 INFO o.a.j.t.JMeterThread: Thread finished: Thread Group_get_person 2-10
2019-03-09 19:57:56,547 INFO o.a.j.e.StandardJMeterEngine: Notifying test listeners of end of test
2019-03-09 19:57:56,547 INFO o.a.j.s.FileServer: Close: person.csv
2019-03-09 19:57:56,550 INFO o.a.j.r.Summariser: summary =     20 in 00:00:09 =    2.2/s Avg:    16 Min:     2 Max:    69 Err:    20 (100.00%)
